<?xml version="1.0" encoding="UTF-8"?>
<testng-results skipped="0" failed="0" ignored="0" total="1" passed="1">
  <reporter-output>
  </reporter-output>
  <suite name="Default suite" duration-ms="24263" started-at="2018-04-12T07:54:46Z" finished-at="2018-04-12T07:55:10Z">
    <groups>
    </groups>
    <test name="Default test" duration-ms="24263" started-at="2018-04-12T07:54:46Z" finished-at="2018-04-12T07:55:10Z">
      <class name="testSuites.Test_HomePage_Search">
        <test-method status="PASS" signature="setUp()[pri:0, instance:testSuites.Test_HomePage_Search@56f4468b]" name="setUp" is-config="true" duration-ms="14124" started-at="2018-04-12T15:54:46Z" finished-at="2018-04-12T15:55:00Z">
          <reporter-output>
          </reporter-output>
        </test-method> <!-- setUp -->
        <test-method status="PASS" signature="test_searchGoods()[pri:0, instance:testSuites.Test_HomePage_Search@56f4468b]" name="test_searchGoods" duration-ms="10113" started-at="2018-04-12T15:55:00Z" finished-at="2018-04-12T15:55:10Z">
          <reporter-output>
          </reporter-output>
        </test-method> <!-- test_searchGoods -->
      </class> <!-- testSuites.Test_HomePage_Search -->
    </test> <!-- Default test -->
  </suite> <!-- Default suite -->
</testng-results>
